<?xml version="1.0" encoding="UTF-8"?>
<!-- Generated by org.testng.reporters.JUnitReportReporter -->
<testsuite hostname="IBM-DOTNET-001" name="demos.restassuredDemo" tests="1" failures="0" timestamp="17 Jun 2021 07:31:10 GMT" time="5.047" errors="0">
  <testcase name="testcase3" time="5.047" classname="demos.restassuredDemo"/>
</testsuite> <!-- demos.restassuredDemo -->
